<?xml version="1.0" encoding="UTF-8"?>
<!-- Generated by org.testng.reporters.JUnitReportReporter -->
<testsuite skipped="0" hostname="WINDOWS-CN1QL0J" name="APITesting.com.org.api.WheaterGetRequest" tests="1" failures="0" timestamp="09 Aug 2018 14:52:59 GMT" time="3.523" errors="0">
  <testcase name="Test_10" time="3.523" classname="APITesting.com.org.api.WheaterGetRequest"/>
</testsuite> <!-- APITesting.com.org.api.WheaterGetRequest -->
